<?xml version="1.0" encoding="UTF-8"?>
<!-- Generated by org.testng.reporters.JUnitXMLReporter -->
<testsuite hostname="DESKTOP-E2QNDSG" ignored="0" name="Default test" tests="3" failures="0" timestamp="04 Mar 2021 15:51:08 GMT" time="57.987" errors="0">
  <testcase name="loginToFacebook" time="18.104" classname="datadriven.LoginFacebook"/>
  <testcase name="loginToFacebook" time="17.638" classname="datadriven.LoginFacebook"/>
  <testcase name="loginToFacebook" time="16.378" classname="datadriven.LoginFacebook"/>
</testsuite> <!-- Default test -->
