<?xml version="1.0" encoding="UTF-8"?>
<testng-results skipped="0" failed="0" ignored="0" total="3" passed="3">
  <reporter-output>
  </reporter-output>
  <suite name="Default suite" duration-ms="57987" started-at="2021-03-04T15:50:10Z" finished-at="2021-03-04T15:51:08Z">
    <groups>
    </groups>
    <test name="Default test" duration-ms="57987" started-at="2021-03-04T15:50:10Z" finished-at="2021-03-04T15:51:08Z">
      <class name="datadriven.LoginFacebook">
        <test-method status="PASS" signature="loginToFacebook(java.lang.String, java.lang.String)[pri:0, instance:datadriven.LoginFacebook@3043fe0e]" name="loginToFacebook" duration-ms="18104" started-at="2021-03-04T15:50:11Z" data-provider="loginFacebook" finished-at="2021-03-04T15:50:30Z">
          <params>
            <param index="0">
              <value>
                <![CDATA[shinderitesh]]>
              </value>
            </param>
            <param index="1">
              <value>
                <![CDATA[abac123]]>
              </value>
            </param>
          </params>
          <reporter-output>
          </reporter-output>
        </test-method> <!-- loginToFacebook -->
        <test-method status="PASS" signature="tearDown()[pri:0, instance:datadriven.LoginFacebook@3043fe0e]" name="tearDown" is-config="true" duration-ms="2177" started-at="2021-03-04T15:50:30Z" finished-at="2021-03-04T15:50:32Z">
          <reporter-output>
          </reporter-output>
        </test-method> <!-- tearDown -->
        <test-method status="PASS" signature="loginToFacebook(java.lang.String, java.lang.String)[pri:0, instance:datadriven.LoginFacebook@3043fe0e]" name="loginToFacebook" duration-ms="17638" started-at="2021-03-04T15:50:32Z" data-provider="loginFacebook" finished-at="2021-03-04T15:50:49Z">
          <params>
            <param index="0">
              <value>
                <![CDATA[rits1379]]>
              </value>
            </param>
            <param index="1">
              <value>
                <![CDATA[sss1234]]>
              </value>
            </param>
          </params>
          <reporter-output>
          </reporter-output>
        </test-method> <!-- loginToFacebook -->
        <test-method status="PASS" signature="tearDown()[pri:0, instance:datadriven.LoginFacebook@3043fe0e]" name="tearDown" is-config="true" duration-ms="1375" started-at="2021-03-04T15:50:49Z" finished-at="2021-03-04T15:50:51Z">
          <reporter-output>
          </reporter-output>
        </test-method> <!-- tearDown -->
        <test-method status="PASS" signature="loginToFacebook(java.lang.String, java.lang.String)[pri:0, instance:datadriven.LoginFacebook@3043fe0e]" name="loginToFacebook" duration-ms="16378" started-at="2021-03-04T15:50:51Z" data-provider="loginFacebook" finished-at="2021-03-04T15:51:07Z">
          <params>
            <param index="0">
              <value>
                <![CDATA[admin]]>
              </value>
            </param>
            <param index="1">
              <value>
                <![CDATA[admin123]]>
              </value>
            </param>
          </params>
          <reporter-output>
          </reporter-output>
        </test-method> <!-- loginToFacebook -->
        <test-method status="PASS" signature="tearDown()[pri:0, instance:datadriven.LoginFacebook@3043fe0e]" name="tearDown" is-config="true" duration-ms="1094" started-at="2021-03-04T15:51:07Z" finished-at="2021-03-04T15:51:08Z">
          <reporter-output>
          </reporter-output>
        </test-method> <!-- tearDown -->
      </class> <!-- datadriven.LoginFacebook -->
    </test> <!-- Default test -->
  </suite> <!-- Default suite -->
</testng-results>
