<?xml version="1.0" encoding="UTF-8"?>
<!-- Generated by org.testng.reporters.JUnitXMLReporter -->
<testsuite hostname="DESKTOP-E2QNDSG" ignored="0" name="Different Test Cases" tests="5" failures="1" timestamp="27 Feb 2021 07:00:39 GMT" time="0.129" errors="0">
  <testcase name="test1" time="0.02" classname="testng.MyTest">
    <skipped/>
  </testcase> <!-- test1 -->
  <testcase name="test1" time="0.004" classname="testng.MyTest">
    <skipped/>
  </testcase> <!-- test1 -->
  <testcase name="test1" time="0.003" classname="testng.MyTest">
    <skipped/>
  </testcase> <!-- test1 -->
  <testcase name="test1" time="0.006" classname="testng.MyTest">
    <failure type="java.lang.AssertionError" message="expected [true] but found [false]">
      <![CDATA[java.lang.AssertionError: expected [true] but found [false]
at testng.MyTest.test1(MyTest.java:11)
... Removed 31 stack frames]]>
    </failure>
  </testcase> <!-- test1 -->
  <testcase name="test2" time="0.004" classname="testng.MyTest"/>
</testsuite> <!-- Different Test Cases -->
